<?xml version="1.0" encoding="UTF-8"?>
<!-- Generated by org.testng.reporters.JUnitXMLReporter -->
<testsuite hostname="wdalwks7q5wbh2" ignored="0" name="Test" tests="5" failures="2" timestamp="17 May 2017 10:35:24 GMT" time="150.853" errors="0">
  <testcase name="verifyUserCanLoginAndLogout" time="22.776" classname="testScripts.TC_VerifyUserCanLoginAndLogout"/>
  <testcase name="VerifyUserCanCheckAmazonPayBalance" time="30.777" classname="testScripts.TC_VerifyUserCanCheckAmazonPayBalance"/>
  <testcase name="VerifyUserCanShopByCategory" time="31.327" classname="testScripts.TC_VerifyUserCanShopByCategory"/>
  <testcase name="VerifyUserCanAddSpecificProductInCartAfterSearching" time="14.201" classname="testScripts.TC_VerifyUserCanAddSpecificProductInCartAfterSearching">
    <failure type="org.openqa.selenium.NoSuchElementException" message="Unable to find element with id == add-to-cart-button (WARNING: The server did not provide any stacktrace information)
Command duration or timeout: 305 milliseconds
For documentation on this error, please visit: http://seleniumhq.org/exceptions/no_such_element.html
Build info: version: &amp;apos;2.53.1&amp;apos;, revision: &amp;apos;a36b8b1&amp;apos;, time: &amp;apos;2016-06-30 17:32:46&amp;apos;
System info: host: &amp;apos;wdalwks7q5wbh2&amp;apos;, ip: &amp;apos;10.134.51.45&amp;apos;, os.name: &amp;apos;Windows 8.1&amp;apos;, os.arch: &amp;apos;amd64&amp;apos;, os.version: &amp;apos;6.3&amp;apos;, java.version: &amp;apos;1.7.0_80&amp;apos;
*** Element info: {Using=id, value=add-to-cart-button}
Session ID: f1601bf3-968a-4a6d-afc2-506bf109f5d9
Driver info: org.openqa.selenium.ie.InternetExplorerDriver
Capabilities [{platform=WINDOWS, javascriptEnabled=true, browserName=internet explorer, unexpectedAlertBehaviour=dismiss, se:ieOptions={elementScrollBehavior=0, ignoreZoomSetting=true, enablePersistentHover=false, ie.ensureCleanSession=false, enableElementCacheCleanup=true, ie.enableFullPageScreenshot=true, ie.useLegacyFileUploadDialogHandling=false, ie.fileUploadDialogTimeout=3000, ie.forceShellWindowsApi=false, ignoreProtectedModeSettings=true, requireWindowFocus=false, initialBrowserUrl=https://amazon.in, ie.forceCreateProcessApi=false, nativeEvents=false, browserAttachTimeout=0, ie.browserCommandLineSwitches=}, version=11, pageLoadStrategy=normal}]">
      <![CDATA[org.openqa.selenium.NoSuchElementException: Unable to find element with id == add-to-cart-button (WARNING: The server did not provide any stacktrace information)
Command duration or timeout: 305 milliseconds
For documentation on this error, please visit: http://seleniumhq.org/exceptions/no_such_element.html
Build info: version: '2.53.1', revision: 'a36b8b1', time: '2016-06-30 17:32:46'
System info: host: 'wdalwks7q5wbh2', ip: '10.134.51.45', os.name: 'Windows 8.1', os.arch: 'amd64', os.version: '6.3', java.version: '1.7.0_80'
*** Element info: {Using=id, value=add-to-cart-button}
Session ID: f1601bf3-968a-4a6d-afc2-506bf109f5d9
Driver info: org.openqa.selenium.ie.InternetExplorerDriver
Capabilities [{platform=WINDOWS, javascriptEnabled=true, browserName=internet explorer, unexpectedAlertBehaviour=dismiss, se:ieOptions={elementScrollBehavior=0, ignoreZoomSetting=true, enablePersistentHover=false, ie.ensureCleanSession=false, enableElementCacheCleanup=true, ie.enableFullPageScreenshot=true, ie.useLegacyFileUploadDialogHandling=false, ie.fileUploadDialogTimeout=3000, ie.forceShellWindowsApi=false, ignoreProtectedModeSettings=true, requireWindowFocus=false, initialBrowserUrl=https://amazon.in, ie.forceCreateProcessApi=false, nativeEvents=false, browserAttachTimeout=0, ie.browserCommandLineSwitches=}, version=11, pageLoadStrategy=normal}]
	at org.openqa.selenium.remote.ErrorHandler.createThrowable(ErrorHandler.java:206)
	at org.openqa.selenium.remote.ErrorHandler.throwIfResponseFailed(ErrorHandler.java:158)
	at org.openqa.selenium.remote.RemoteWebDriver.execute(RemoteWebDriver.java:678)
	at org.openqa.selenium.remote.RemoteWebDriver.findElement(RemoteWebDriver.java:363)
	at org.openqa.selenium.remote.RemoteWebDriver.findElementById(RemoteWebDriver.java:413)
	at org.openqa.selenium.By$ById.findElement(By.java:218)
	at org.openqa.selenium.remote.RemoteWebDriver.findElement(RemoteWebDriver.java:355)
	at pageKeywords.Product_Page.clickAddToCart(Product_Page.java:29)
	at testScripts.TC_VerifyUserCanAddSpecificProductInCartAfterSearching.VerifyUserCanAddSpecificProductInCartAfterSearching(TC_VerifyUserCanAddSpecificProductInCartAfterSearching.java:43)
... Removed 29 stack frames]]>
    </failure>
  </testcase> <!-- VerifyUserCanAddSpecificProductInCartAfterSearching -->
  <testcase name="VerifyUserCanApplyPriceFilter" time="30.105" classname="testScripts.TC_VerifyUserCanApplyPriceFilter">
    <failure type="org.openqa.selenium.NoSuchElementException" message="Unable to find element with xpath == //li[@id=&amp;apos;result_16&amp;apos;]//span[contains(@class,&amp;apos;s-price&amp;apos;)] (WARNING: The server did not provide any stacktrace information)
Command duration or timeout: 338 milliseconds
For documentation on this error, please visit: http://seleniumhq.org/exceptions/no_such_element.html
Build info: version: &amp;apos;2.53.1&amp;apos;, revision: &amp;apos;a36b8b1&amp;apos;, time: &amp;apos;2016-06-30 17:32:46&amp;apos;
System info: host: &amp;apos;wdalwks7q5wbh2&amp;apos;, ip: &amp;apos;10.134.51.45&amp;apos;, os.name: &amp;apos;Windows 8.1&amp;apos;, os.arch: &amp;apos;amd64&amp;apos;, os.version: &amp;apos;6.3&amp;apos;, java.version: &amp;apos;1.7.0_80&amp;apos;
*** Element info: {Using=xpath, value=//li[@id=&amp;apos;result_16&amp;apos;]//span[contains(@class,&amp;apos;s-price&amp;apos;)]}
Session ID: 0aac3581-8702-47fe-8825-e1aefec3f990
Driver info: org.openqa.selenium.ie.InternetExplorerDriver
Capabilities [{platform=WINDOWS, javascriptEnabled=true, browserName=internet explorer, unexpectedAlertBehaviour=dismiss, se:ieOptions={elementScrollBehavior=0, ignoreZoomSetting=true, enablePersistentHover=false, ie.ensureCleanSession=false, enableElementCacheCleanup=true, ie.enableFullPageScreenshot=true, ie.useLegacyFileUploadDialogHandling=false, ie.fileUploadDialogTimeout=3000, ie.forceShellWindowsApi=false, ignoreProtectedModeSettings=true, requireWindowFocus=false, initialBrowserUrl=https://amazon.in, ie.forceCreateProcessApi=false, nativeEvents=false, browserAttachTimeout=0, ie.browserCommandLineSwitches=}, version=11, pageLoadStrategy=normal}]">
      <![CDATA[org.openqa.selenium.NoSuchElementException: Unable to find element with xpath == //li[@id='result_16']//span[contains(@class,'s-price')] (WARNING: The server did not provide any stacktrace information)
Command duration or timeout: 338 milliseconds
For documentation on this error, please visit: http://seleniumhq.org/exceptions/no_such_element.html
Build info: version: '2.53.1', revision: 'a36b8b1', time: '2016-06-30 17:32:46'
System info: host: 'wdalwks7q5wbh2', ip: '10.134.51.45', os.name: 'Windows 8.1', os.arch: 'amd64', os.version: '6.3', java.version: '1.7.0_80'
*** Element info: {Using=xpath, value=//li[@id='result_16']//span[contains(@class,'s-price')]}
Session ID: 0aac3581-8702-47fe-8825-e1aefec3f990
Driver info: org.openqa.selenium.ie.InternetExplorerDriver
Capabilities [{platform=WINDOWS, javascriptEnabled=true, browserName=internet explorer, unexpectedAlertBehaviour=dismiss, se:ieOptions={elementScrollBehavior=0, ignoreZoomSetting=true, enablePersistentHover=false, ie.ensureCleanSession=false, enableElementCacheCleanup=true, ie.enableFullPageScreenshot=true, ie.useLegacyFileUploadDialogHandling=false, ie.fileUploadDialogTimeout=3000, ie.forceShellWindowsApi=false, ignoreProtectedModeSettings=true, requireWindowFocus=false, initialBrowserUrl=https://amazon.in, ie.forceCreateProcessApi=false, nativeEvents=false, browserAttachTimeout=0, ie.browserCommandLineSwitches=}, version=11, pageLoadStrategy=normal}]
	at org.openqa.selenium.remote.ErrorHandler.createThrowable(ErrorHandler.java:206)
	at org.openqa.selenium.remote.ErrorHandler.throwIfResponseFailed(ErrorHandler.java:158)
	at org.openqa.selenium.remote.RemoteWebDriver.execute(RemoteWebDriver.java:678)
	at org.openqa.selenium.remote.RemoteWebElement.execute(RemoteWebElement.java:327)
	at org.openqa.selenium.remote.RemoteWebElement.findElement(RemoteWebElement.java:198)
	at org.openqa.selenium.remote.RemoteWebElement.findElementByXPath(RemoteWebElement.java:295)
	at org.openqa.selenium.By$ByXPath.findElement(By.java:361)
	at org.openqa.selenium.remote.RemoteWebElement.findElement(RemoteWebElement.java:194)
	at pageKeywords.ProductList_Page.verifyPriceFilter(ProductList_Page.java:33)
	at testScripts.TC_VerifyUserCanApplyPriceFilter.VerifyUserCanApplyPriceFilter(TC_VerifyUserCanApplyPriceFilter.java:50)
... Removed 29 stack frames]]>
    </failure>
  </testcase> <!-- VerifyUserCanApplyPriceFilter -->
</testsuite> <!-- Test -->
