<html>
<head>
<title>TestNG:  Test</title>
<link href="../testng.css" rel="stylesheet" type="text/css" />
<link href="../my-testng.css" rel="stylesheet" type="text/css" />

<style type="text/css">
.log { display: none;} 
.stack-trace { display: none;} 
</style>
<script type="text/javascript">
<!--
function flip(e) {
  current = e.style.display;
  if (current == 'block') {
    e.style.display = 'none';
    return 0;
  }
  else {
    e.style.display = 'block';
    return 1;
  }
}

function toggleBox(szDivId, elem, msg1, msg2)
{
  var res = -1;  if (document.getElementById) {
    res = flip(document.getElementById(szDivId));
  }
  else if (document.all) {
    // this is the way old msie versions work
    res = flip(document.all[szDivId]);
  }
  if(elem) {
    if(res == 0) elem.innerHTML = msg1; else elem.innerHTML = msg2;
  }

}

function toggleAllBoxes() {
  if (document.getElementsByTagName) {
    d = document.getElementsByTagName('div');
    for (i = 0; i < d.length; i++) {
      if (d[i].className == 'log') {
        flip(d[i]);
      }
    }
  }
}

// -->
</script>

</head>
<body>
<h2 align='center'>Test</h2><table border='1' align="center">
<tr>
<td>Tests passed/Failed/Skipped:</td><td>3/2/0</td>
</tr><tr>
<td>Started on:</td><td>Wed May 17 05:32:53 CDT 2017</td>
</tr>
<tr><td>Total time:</td><td>150 seconds (150853 ms)</td>
</tr><tr>
<td>Included groups:</td><td></td>
</tr><tr>
<td>Excluded groups:</td><td></td>
</tr>
</table><p/>
<small><i>(Hover the method name to see the test class name)</i></small><p/>
<table width='100%' border='1' class='invocation-failed'>
<tr><td colspan='4' align='center'><b>FAILED TESTS</b></td></tr>
<tr><td><b>Test method</b></td>
<td width="30%"><b>Exception</b></td>
<td width="10%"><b>Time (seconds)</b></td>
<td><b>Instance</b></td>
</tr>
<tr>
<td title='testScripts.TC_VerifyUserCanAddSpecificProductInCartAfterSearching.VerifyUserCanAddSpecificProductInCartAfterSearching()'><b>VerifyUserCanAddSpecificProductInCartAfterSearching</b><br>Test class: testScripts.TC_VerifyUserCanAddSpecificProductInCartAfterSearching</td>
<td><div><pre>org.openqa.selenium.NoSuchElementException: Unable to find element with id == add-to-cart-button (WARNING: The server did not provide any stacktrace information)
Command duration or timeout: 305 milliseconds
For documentation on this error, please visit: http://seleniumhq.org/exceptions/no_such_element.html
Build info: version: &apos;2.53.1&apos;, revision: &apos;a36b8b1&apos;, time: &apos;2016-06-30 17:32:46&apos;
System info: host: &apos;wdalwks7q5wbh2&apos;, ip: &apos;10.134.51.45&apos;, os.name: &apos;Windows 8.1&apos;, os.arch: &apos;amd64&apos;, os.version: &apos;6.3&apos;, java.version: &apos;1.7.0_80&apos;
*** Element info: {Using=id, value=add-to-cart-button}
Session ID: f1601bf3-968a-4a6d-afc2-506bf109f5d9
Driver info: org.openqa.selenium.ie.InternetExplorerDriver
Capabilities [{platform=WINDOWS, javascriptEnabled=true, browserName=internet explorer, unexpectedAlertBehaviour=dismiss, se:ieOptions={elementScrollBehavior=0, ignoreZoomSetting=true, enablePersistentHover=false, ie.ensureCleanSession=false, enableElementCacheCleanup=true, ie.enableFullPageScreenshot=true, ie.useLegacyFileUploadDialogHandling=false, ie.fileUploadDialogTimeout=3000, ie.forceShellWindowsApi=false, ignoreProtectedModeSettings=true, requireWindowFocus=false, initialBrowserUrl=https://amazon.in, ie.forceCreateProcessApi=false, nativeEvents=false, browserAttachTimeout=0, ie.browserCommandLineSwitches=}, version=11, pageLoadStrategy=normal}]
	at org.openqa.selenium.remote.ErrorHandler.createThrowable(ErrorHandler.java:206)
	at org.openqa.selenium.remote.ErrorHandler.throwIfResponseFailed(ErrorHandler.java:158)
	at org.openqa.selenium.remote.RemoteWebDriver.execute(RemoteWebDriver.java:678)
	at org.openqa.selenium.remote.RemoteWebDriver.findElement(RemoteWebDriver.java:363)
	at org.openqa.selenium.remote.RemoteWebDriver.findElementById(RemoteWebDriver.java:413)
	at org.openqa.selenium.By$ById.findElement(By.java:218)
	at org.openqa.selenium.remote.RemoteWebDriver.findElement(RemoteWebDriver.java:355)
	at pageKeywords.Product_Page.clickAddToCart(Product_Page.java:29)
	at testScripts.TC_VerifyUserCanAddSpecificProductInCartAfterSearching.VerifyUserCanAddSpecificProductInCartAfterSearching(TC_VerifyUserCanAddSpecificProductInCartAfterSearching.java:43)
... Removed 29 stack frames</pre></div><a href='#' onClick='toggleBox("stack-trace343988927", this, "Click to show all stack frames", "Click to hide stack frames")'>Click to show all stack frames</a>
<div class='stack-trace' id='stack-trace343988927'><pre>org.openqa.selenium.NoSuchElementException: Unable to find element with id == add-to-cart-button (WARNING: The server did not provide any stacktrace information)
Command duration or timeout: 305 milliseconds
For documentation on this error, please visit: http://seleniumhq.org/exceptions/no_such_element.html
Build info: version: &apos;2.53.1&apos;, revision: &apos;a36b8b1&apos;, time: &apos;2016-06-30 17:32:46&apos;
System info: host: &apos;wdalwks7q5wbh2&apos;, ip: &apos;10.134.51.45&apos;, os.name: &apos;Windows 8.1&apos;, os.arch: &apos;amd64&apos;, os.version: &apos;6.3&apos;, java.version: &apos;1.7.0_80&apos;
*** Element info: {Using=id, value=add-to-cart-button}
Session ID: f1601bf3-968a-4a6d-afc2-506bf109f5d9
Driver info: org.openqa.selenium.ie.InternetExplorerDriver
Capabilities [{platform=WINDOWS, javascriptEnabled=true, browserName=internet explorer, unexpectedAlertBehaviour=dismiss, se:ieOptions={elementScrollBehavior=0, ignoreZoomSetting=true, enablePersistentHover=false, ie.ensureCleanSession=false, enableElementCacheCleanup=true, ie.enableFullPageScreenshot=true, ie.useLegacyFileUploadDialogHandling=false, ie.fileUploadDialogTimeout=3000, ie.forceShellWindowsApi=false, ignoreProtectedModeSettings=true, requireWindowFocus=false, initialBrowserUrl=https://amazon.in, ie.forceCreateProcessApi=false, nativeEvents=false, browserAttachTimeout=0, ie.browserCommandLineSwitches=}, version=11, pageLoadStrategy=normal}]
	at sun.reflect.NativeConstructorAccessorImpl.newInstance0(Native Method)
	at sun.reflect.NativeConstructorAccessorImpl.newInstance(Unknown Source)
	at sun.reflect.DelegatingConstructorAccessorImpl.newInstance(Unknown Source)
	at java.lang.reflect.Constructor.newInstance(Unknown Source)
	at org.openqa.selenium.remote.ErrorHandler.createThrowable(ErrorHandler.java:206)
	at org.openqa.selenium.remote.ErrorHandler.throwIfResponseFailed(ErrorHandler.java:158)
	at org.openqa.selenium.remote.RemoteWebDriver.execute(RemoteWebDriver.java:678)
	at org.openqa.selenium.remote.RemoteWebDriver.findElement(RemoteWebDriver.java:363)
	at org.openqa.selenium.remote.RemoteWebDriver.findElementById(RemoteWebDriver.java:413)
	at org.openqa.selenium.By$ById.findElement(By.java:218)
	at org.openqa.selenium.remote.RemoteWebDriver.findElement(RemoteWebDriver.java:355)
	at pageKeywords.Product_Page.clickAddToCart(Product_Page.java:29)
	at testScripts.TC_VerifyUserCanAddSpecificProductInCartAfterSearching.VerifyUserCanAddSpecificProductInCartAfterSearching(TC_VerifyUserCanAddSpecificProductInCartAfterSearching.java:43)
	at sun.reflect.NativeMethodAccessorImpl.invoke0(Native Method)
	at sun.reflect.NativeMethodAccessorImpl.invoke(Unknown Source)
	at sun.reflect.DelegatingMethodAccessorImpl.invoke(Unknown Source)
	at java.lang.reflect.Method.invoke(Unknown Source)
	at org.testng.internal.MethodInvocationHelper.invokeMethod(MethodInvocationHelper.java:108)
	at org.testng.internal.Invoker.invokeMethod(Invoker.java:661)
	at org.testng.internal.Invoker.invokeTestMethod(Invoker.java:869)
	at org.testng.internal.Invoker.invokeTestMethods(Invoker.java:1193)
	at org.testng.internal.TestMethodWorker.invokeTestMethods(TestMethodWorker.java:126)
	at org.testng.internal.TestMethodWorker.run(TestMethodWorker.java:109)
	at org.testng.TestRunner.privateRun(TestRunner.java:744)
	at org.testng.TestRunner.run(TestRunner.java:602)
	at org.testng.SuiteRunner.runTest(SuiteRunner.java:380)
	at org.testng.SuiteRunner.runSequentially(SuiteRunner.java:375)
	at org.testng.SuiteRunner.privateRun(SuiteRunner.java:340)
	at org.testng.SuiteRunner.run(SuiteRunner.java:289)
	at org.testng.SuiteRunnerWorker.runSuite(SuiteRunnerWorker.java:52)
	at org.testng.SuiteRunnerWorker.run(SuiteRunnerWorker.java:86)
	at org.testng.TestNG.runSuitesSequentially(TestNG.java:1301)
	at org.testng.TestNG.runSuitesLocally(TestNG.java:1226)
	at org.testng.TestNG.runSuites(TestNG.java:1144)
	at org.testng.TestNG.run(TestNG.java:1115)
	at org.testng.remote.AbstractRemoteTestNG.run(AbstractRemoteTestNG.java:132)
	at org.testng.remote.RemoteTestNG.initAndRun(RemoteTestNG.java:230)
	at org.testng.remote.RemoteTestNG.main(RemoteTestNG.java:76)
</pre></div></td>
<td>14</td>
<td>testScripts.TC_VerifyUserCanAddSpecificProductInCartAfterSearching@6fb05c54</td></tr>
<tr>
<td title='testScripts.TC_VerifyUserCanApplyPriceFilter.VerifyUserCanApplyPriceFilter()'><b>VerifyUserCanApplyPriceFilter</b><br>Test class: testScripts.TC_VerifyUserCanApplyPriceFilter</td>
<td><div><pre>org.openqa.selenium.NoSuchElementException: Unable to find element with xpath == //li[@id=&apos;result_16&apos;]//span[contains(@class,&apos;s-price&apos;)] (WARNING: The server did not provide any stacktrace information)
Command duration or timeout: 338 milliseconds
For documentation on this error, please visit: http://seleniumhq.org/exceptions/no_such_element.html
Build info: version: &apos;2.53.1&apos;, revision: &apos;a36b8b1&apos;, time: &apos;2016-06-30 17:32:46&apos;
System info: host: &apos;wdalwks7q5wbh2&apos;, ip: &apos;10.134.51.45&apos;, os.name: &apos;Windows 8.1&apos;, os.arch: &apos;amd64&apos;, os.version: &apos;6.3&apos;, java.version: &apos;1.7.0_80&apos;
*** Element info: {Using=xpath, value=//li[@id=&apos;result_16&apos;]//span[contains(@class,&apos;s-price&apos;)]}
Session ID: 0aac3581-8702-47fe-8825-e1aefec3f990
Driver info: org.openqa.selenium.ie.InternetExplorerDriver
Capabilities [{platform=WINDOWS, javascriptEnabled=true, browserName=internet explorer, unexpectedAlertBehaviour=dismiss, se:ieOptions={elementScrollBehavior=0, ignoreZoomSetting=true, enablePersistentHover=false, ie.ensureCleanSession=false, enableElementCacheCleanup=true, ie.enableFullPageScreenshot=true, ie.useLegacyFileUploadDialogHandling=false, ie.fileUploadDialogTimeout=3000, ie.forceShellWindowsApi=false, ignoreProtectedModeSettings=true, requireWindowFocus=false, initialBrowserUrl=https://amazon.in, ie.forceCreateProcessApi=false, nativeEvents=false, browserAttachTimeout=0, ie.browserCommandLineSwitches=}, version=11, pageLoadStrategy=normal}]
	at org.openqa.selenium.remote.ErrorHandler.createThrowable(ErrorHandler.java:206)
	at org.openqa.selenium.remote.ErrorHandler.throwIfResponseFailed(ErrorHandler.java:158)
	at org.openqa.selenium.remote.RemoteWebDriver.execute(RemoteWebDriver.java:678)
	at org.openqa.selenium.remote.RemoteWebElement.execute(RemoteWebElement.java:327)
	at org.openqa.selenium.remote.RemoteWebElement.findElement(RemoteWebElement.java:198)
	at org.openqa.selenium.remote.RemoteWebElement.findElementByXPath(RemoteWebElement.java:295)
	at org.openqa.selenium.By$ByXPath.findElement(By.java:361)
	at org.openqa.selenium.remote.RemoteWebElement.findElement(RemoteWebElement.java:194)
	at pageKeywords.ProductList_Page.verifyPriceFilter(ProductList_Page.java:33)
	at testScripts.TC_VerifyUserCanApplyPriceFilter.VerifyUserCanApplyPriceFilter(TC_VerifyUserCanApplyPriceFilter.java:50)
... Removed 29 stack frames</pre></div><a href='#' onClick='toggleBox("stack-trace260535439", this, "Click to show all stack frames", "Click to hide stack frames")'>Click to show all stack frames</a>
<div class='stack-trace' id='stack-trace260535439'><pre>org.openqa.selenium.NoSuchElementException: Unable to find element with xpath == //li[@id=&apos;result_16&apos;]//span[contains(@class,&apos;s-price&apos;)] (WARNING: The server did not provide any stacktrace information)
Command duration or timeout: 338 milliseconds
For documentation on this error, please visit: http://seleniumhq.org/exceptions/no_such_element.html
Build info: version: &apos;2.53.1&apos;, revision: &apos;a36b8b1&apos;, time: &apos;2016-06-30 17:32:46&apos;
System info: host: &apos;wdalwks7q5wbh2&apos;, ip: &apos;10.134.51.45&apos;, os.name: &apos;Windows 8.1&apos;, os.arch: &apos;amd64&apos;, os.version: &apos;6.3&apos;, java.version: &apos;1.7.0_80&apos;
*** Element info: {Using=xpath, value=//li[@id=&apos;result_16&apos;]//span[contains(@class,&apos;s-price&apos;)]}
Session ID: 0aac3581-8702-47fe-8825-e1aefec3f990
Driver info: org.openqa.selenium.ie.InternetExplorerDriver
Capabilities [{platform=WINDOWS, javascriptEnabled=true, browserName=internet explorer, unexpectedAlertBehaviour=dismiss, se:ieOptions={elementScrollBehavior=0, ignoreZoomSetting=true, enablePersistentHover=false, ie.ensureCleanSession=false, enableElementCacheCleanup=true, ie.enableFullPageScreenshot=true, ie.useLegacyFileUploadDialogHandling=false, ie.fileUploadDialogTimeout=3000, ie.forceShellWindowsApi=false, ignoreProtectedModeSettings=true, requireWindowFocus=false, initialBrowserUrl=https://amazon.in, ie.forceCreateProcessApi=false, nativeEvents=false, browserAttachTimeout=0, ie.browserCommandLineSwitches=}, version=11, pageLoadStrategy=normal}]
	at sun.reflect.NativeConstructorAccessorImpl.newInstance0(Native Method)
	at sun.reflect.NativeConstructorAccessorImpl.newInstance(Unknown Source)
	at sun.reflect.DelegatingConstructorAccessorImpl.newInstance(Unknown Source)
	at java.lang.reflect.Constructor.newInstance(Unknown Source)
	at org.openqa.selenium.remote.ErrorHandler.createThrowable(ErrorHandler.java:206)
	at org.openqa.selenium.remote.ErrorHandler.throwIfResponseFailed(ErrorHandler.java:158)
	at org.openqa.selenium.remote.RemoteWebDriver.execute(RemoteWebDriver.java:678)
	at org.openqa.selenium.remote.RemoteWebElement.execute(RemoteWebElement.java:327)
	at org.openqa.selenium.remote.RemoteWebElement.findElement(RemoteWebElement.java:198)
	at org.openqa.selenium.remote.RemoteWebElement.findElementByXPath(RemoteWebElement.java:295)
	at org.openqa.selenium.By$ByXPath.findElement(By.java:361)
	at org.openqa.selenium.remote.RemoteWebElement.findElement(RemoteWebElement.java:194)
	at pageKeywords.ProductList_Page.verifyPriceFilter(ProductList_Page.java:33)
	at testScripts.TC_VerifyUserCanApplyPriceFilter.VerifyUserCanApplyPriceFilter(TC_VerifyUserCanApplyPriceFilter.java:50)
	at sun.reflect.NativeMethodAccessorImpl.invoke0(Native Method)
	at sun.reflect.NativeMethodAccessorImpl.invoke(Unknown Source)
	at sun.reflect.DelegatingMethodAccessorImpl.invoke(Unknown Source)
	at java.lang.reflect.Method.invoke(Unknown Source)
	at org.testng.internal.MethodInvocationHelper.invokeMethod(MethodInvocationHelper.java:108)
	at org.testng.internal.Invoker.invokeMethod(Invoker.java:661)
	at org.testng.internal.Invoker.invokeTestMethod(Invoker.java:869)
	at org.testng.internal.Invoker.invokeTestMethods(Invoker.java:1193)
	at org.testng.internal.TestMethodWorker.invokeTestMethods(TestMethodWorker.java:126)
	at org.testng.internal.TestMethodWorker.run(TestMethodWorker.java:109)
	at org.testng.TestRunner.privateRun(TestRunner.java:744)
	at org.testng.TestRunner.run(TestRunner.java:602)
	at org.testng.SuiteRunner.runTest(SuiteRunner.java:380)
	at org.testng.SuiteRunner.runSequentially(SuiteRunner.java:375)
	at org.testng.SuiteRunner.privateRun(SuiteRunner.java:340)
	at org.testng.SuiteRunner.run(SuiteRunner.java:289)
	at org.testng.SuiteRunnerWorker.runSuite(SuiteRunnerWorker.java:52)
	at org.testng.SuiteRunnerWorker.run(SuiteRunnerWorker.java:86)
	at org.testng.TestNG.runSuitesSequentially(TestNG.java:1301)
	at org.testng.TestNG.runSuitesLocally(TestNG.java:1226)
	at org.testng.TestNG.runSuites(TestNG.java:1144)
	at org.testng.TestNG.run(TestNG.java:1115)
	at org.testng.remote.AbstractRemoteTestNG.run(AbstractRemoteTestNG.java:132)
	at org.testng.remote.RemoteTestNG.initAndRun(RemoteTestNG.java:230)
	at org.testng.remote.RemoteTestNG.main(RemoteTestNG.java:76)
</pre></div></td>
<td>30</td>
<td>testScripts.TC_VerifyUserCanApplyPriceFilter@237dc815</td></tr>
</table><p>
<table width='100%' border='1' class='invocation-passed'>
<tr><td colspan='4' align='center'><b>PASSED TESTS</b></td></tr>
<tr><td><b>Test method</b></td>
<td width="30%"><b>Exception</b></td>
<td width="10%"><b>Time (seconds)</b></td>
<td><b>Instance</b></td>
</tr>
<tr>
<td title='testScripts.TC_VerifyUserCanCheckAmazonPayBalance.VerifyUserCanCheckAmazonPayBalance()'><b>VerifyUserCanCheckAmazonPayBalance</b><br>Test class: testScripts.TC_VerifyUserCanCheckAmazonPayBalance</td>
<td></td>
<td>30</td>
<td>testScripts.TC_VerifyUserCanCheckAmazonPayBalance@6c2e1e17</td></tr>
<tr>
<td title='testScripts.TC_VerifyUserCanShopByCategory.VerifyUserCanShopByCategory()'><b>VerifyUserCanShopByCategory</b><br>Test class: testScripts.TC_VerifyUserCanShopByCategory</td>
<td></td>
<td>31</td>
<td>testScripts.TC_VerifyUserCanShopByCategory@47b9af7d</td></tr>
<tr>
<td title='testScripts.TC_VerifyUserCanLoginAndLogout.verifyUserCanLoginAndLogout()'><b>verifyUserCanLoginAndLogout</b><br>Test class: testScripts.TC_VerifyUserCanLoginAndLogout</td>
<td></td>
<td>22</td>
<td>testScripts.TC_VerifyUserCanLoginAndLogout@590937cb</td></tr>
</table><p>
</body>
</html>