<!DOCTYPE html PUBLIC "-//W3C//DTD XHTML 1.1//EN" "http://www.w3.org/TR/xhtml11/DTD/xhtml11.dtd">
<html xmlns="http://www.w3.org/1999/xhtml"><head><title>TestNG Report</title><style type="text/css">table {margin-bottom:10px;border-collapse:collapse;empty-cells:show}th,td {border:1px solid #009;padding:.25em .5em}th {vertical-align:bottom}td {vertical-align:top}table a {font-weight:bold}.stripe td {background-color: #E6EBF9}.num {text-align:right}.passedodd td {background-color: #3F3}.passedeven td {background-color: #0A0}.skippedodd td {background-color: #DDD}.skippedeven td {background-color: #CCC}.failedodd td,.attn {background-color: #F33}.failedeven td,.stripe .attn {background-color: #D00}.stacktrace {white-space:pre;font-family:monospace}.totop {font-size:85%;text-align:center;border-bottom:2px solid #000}</style></head><body><table><tr><th>Test</th><th># Passed</th><th># Skipped</th><th># Failed</th><th>Time (ms)</th><th>Included Groups</th><th>Excluded Groups</th></tr><tr><th colspan="7">Suite</th></tr><tr><td><a href="#t0">Test</a></td><td class="num">3</td><td class="num">0</td><td class="num attn">2</td><td class="num">150,853</td><td></td><td></td></tr></table><table id='summary'><thead><tr><th>Class</th><th>Method</th><th>Start</th><th>Time (ms)</th></tr></thead><tbody><tr><th colspan="4">Suite</th></tr></tbody><tbody id="t0"><tr><th colspan="4">Test &#8212; failed</th></tr><tr class="failedeven"><td rowspan="1">testScripts.TC_VerifyUserCanAddSpecificProductInCartAfterSearching</td><td><a href="#m0">VerifyUserCanAddSpecificProductInCartAfterSearching</a></td><td rowspan="1">1495017275952</td><td rowspan="1">14201</td></tr><tr class="failedodd"><td rowspan="1">testScripts.TC_VerifyUserCanApplyPriceFilter</td><td><a href="#m1">VerifyUserCanApplyPriceFilter</a></td><td rowspan="1">1495017294310</td><td rowspan="1">30105</td></tr><tr><th colspan="4">Test &#8212; passed</th></tr><tr class="passedeven"><td rowspan="1">testScripts.TC_VerifyUserCanCheckAmazonPayBalance</td><td><a href="#m2">VerifyUserCanCheckAmazonPayBalance</a></td><td rowspan="1">1495017206824</td><td rowspan="1">30777</td></tr><tr class="passedodd"><td rowspan="1">testScripts.TC_VerifyUserCanLoginAndLogout</td><td><a href="#m3">verifyUserCanLoginAndLogout</a></td><td rowspan="1">1495017180354</td><td rowspan="1">22776</td></tr><tr class="passedeven"><td rowspan="1">testScripts.TC_VerifyUserCanShopByCategory</td><td><a href="#m4">VerifyUserCanShopByCategory</a></td><td rowspan="1">1495017240635</td><td rowspan="1">31327</td></tr></tbody></table><h2>Test</h2><h3 id="m0">testScripts.TC_VerifyUserCanAddSpecificProductInCartAfterSearching#VerifyUserCanAddSpecificProductInCartAfterSearching</h3><table class="result"><tr><th>Exception</th></tr><tr><td><div class="stacktrace">org.openqa.selenium.NoSuchElementException: Unable to find element with id == add-to-cart-button (WARNING: The server did not provide any stacktrace information)
Command duration or timeout: 305 milliseconds
For documentation on this error, please visit: http://seleniumhq.org/exceptions/no_such_element.html
Build info: version: &apos;2.53.1&apos;, revision: &apos;a36b8b1&apos;, time: &apos;2016-06-30 17:32:46&apos;
System info: host: &apos;wdalwks7q5wbh2&apos;, ip: &apos;10.134.51.45&apos;, os.name: &apos;Windows 8.1&apos;, os.arch: &apos;amd64&apos;, os.version: &apos;6.3&apos;, java.version: &apos;1.7.0_80&apos;
*** Element info: {Using=id, value=add-to-cart-button}
Session ID: f1601bf3-968a-4a6d-afc2-506bf109f5d9
Driver info: org.openqa.selenium.ie.InternetExplorerDriver
Capabilities [{platform=WINDOWS, javascriptEnabled=true, browserName=internet explorer, unexpectedAlertBehaviour=dismiss, se:ieOptions={elementScrollBehavior=0, ignoreZoomSetting=true, enablePersistentHover=false, ie.ensureCleanSession=false, enableElementCacheCleanup=true, ie.enableFullPageScreenshot=true, ie.useLegacyFileUploadDialogHandling=false, ie.fileUploadDialogTimeout=3000, ie.forceShellWindowsApi=false, ignoreProtectedModeSettings=true, requireWindowFocus=false, initialBrowserUrl=https://amazon.in, ie.forceCreateProcessApi=false, nativeEvents=false, browserAttachTimeout=0, ie.browserCommandLineSwitches=}, version=11, pageLoadStrategy=normal}]
	at org.openqa.selenium.remote.ErrorHandler.createThrowable(ErrorHandler.java:206)
	at org.openqa.selenium.remote.ErrorHandler.throwIfResponseFailed(ErrorHandler.java:158)
	at org.openqa.selenium.remote.RemoteWebDriver.execute(RemoteWebDriver.java:678)
	at org.openqa.selenium.remote.RemoteWebDriver.findElement(RemoteWebDriver.java:363)
	at org.openqa.selenium.remote.RemoteWebDriver.findElementById(RemoteWebDriver.java:413)
	at org.openqa.selenium.By$ById.findElement(By.java:218)
	at org.openqa.selenium.remote.RemoteWebDriver.findElement(RemoteWebDriver.java:355)
	at pageKeywords.Product_Page.clickAddToCart(Product_Page.java:29)
	at testScripts.TC_VerifyUserCanAddSpecificProductInCartAfterSearching.VerifyUserCanAddSpecificProductInCartAfterSearching(TC_VerifyUserCanAddSpecificProductInCartAfterSearching.java:43)
... Removed 29 stack frames</div></td></tr></table><p class="totop"><a href="#summary">back to summary</a></p><h3 id="m1">testScripts.TC_VerifyUserCanApplyPriceFilter#VerifyUserCanApplyPriceFilter</h3><table class="result"><tr><th>Exception</th></tr><tr><td><div class="stacktrace">org.openqa.selenium.NoSuchElementException: Unable to find element with xpath == //li[@id=&apos;result_16&apos;]//span[contains(@class,&apos;s-price&apos;)] (WARNING: The server did not provide any stacktrace information)
Command duration or timeout: 338 milliseconds
For documentation on this error, please visit: http://seleniumhq.org/exceptions/no_such_element.html
Build info: version: &apos;2.53.1&apos;, revision: &apos;a36b8b1&apos;, time: &apos;2016-06-30 17:32:46&apos;
System info: host: &apos;wdalwks7q5wbh2&apos;, ip: &apos;10.134.51.45&apos;, os.name: &apos;Windows 8.1&apos;, os.arch: &apos;amd64&apos;, os.version: &apos;6.3&apos;, java.version: &apos;1.7.0_80&apos;
*** Element info: {Using=xpath, value=//li[@id=&apos;result_16&apos;]//span[contains(@class,&apos;s-price&apos;)]}
Session ID: 0aac3581-8702-47fe-8825-e1aefec3f990
Driver info: org.openqa.selenium.ie.InternetExplorerDriver
Capabilities [{platform=WINDOWS, javascriptEnabled=true, browserName=internet explorer, unexpectedAlertBehaviour=dismiss, se:ieOptions={elementScrollBehavior=0, ignoreZoomSetting=true, enablePersistentHover=false, ie.ensureCleanSession=false, enableElementCacheCleanup=true, ie.enableFullPageScreenshot=true, ie.useLegacyFileUploadDialogHandling=false, ie.fileUploadDialogTimeout=3000, ie.forceShellWindowsApi=false, ignoreProtectedModeSettings=true, requireWindowFocus=false, initialBrowserUrl=https://amazon.in, ie.forceCreateProcessApi=false, nativeEvents=false, browserAttachTimeout=0, ie.browserCommandLineSwitches=}, version=11, pageLoadStrategy=normal}]
	at org.openqa.selenium.remote.ErrorHandler.createThrowable(ErrorHandler.java:206)
	at org.openqa.selenium.remote.ErrorHandler.throwIfResponseFailed(ErrorHandler.java:158)
	at org.openqa.selenium.remote.RemoteWebDriver.execute(RemoteWebDriver.java:678)
	at org.openqa.selenium.remote.RemoteWebElement.execute(RemoteWebElement.java:327)
	at org.openqa.selenium.remote.RemoteWebElement.findElement(RemoteWebElement.java:198)
	at org.openqa.selenium.remote.RemoteWebElement.findElementByXPath(RemoteWebElement.java:295)
	at org.openqa.selenium.By$ByXPath.findElement(By.java:361)
	at org.openqa.selenium.remote.RemoteWebElement.findElement(RemoteWebElement.java:194)
	at pageKeywords.ProductList_Page.verifyPriceFilter(ProductList_Page.java:33)
	at testScripts.TC_VerifyUserCanApplyPriceFilter.VerifyUserCanApplyPriceFilter(TC_VerifyUserCanApplyPriceFilter.java:50)
... Removed 29 stack frames</div></td></tr></table><p class="totop"><a href="#summary">back to summary</a></p><h3 id="m2">testScripts.TC_VerifyUserCanCheckAmazonPayBalance#VerifyUserCanCheckAmazonPayBalance</h3><table class="result"></table><p class="totop"><a href="#summary">back to summary</a></p><h3 id="m3">testScripts.TC_VerifyUserCanLoginAndLogout#verifyUserCanLoginAndLogout</h3><table class="result"></table><p class="totop"><a href="#summary">back to summary</a></p><h3 id="m4">testScripts.TC_VerifyUserCanShopByCategory#VerifyUserCanShopByCategory</h3><table class="result"></table><p class="totop"><a href="#summary">back to summary</a></p></body></html>